# JRE version: Java(TM) SE Runtime Environment (8.0_111-b14) (build 1.8.0_111-b14)
# Java VM: Java HotSpot(TM) 64-Bit Server VM (25.111-b14 mixed mode linux-amd64 compressed oops)
Heap:
 PSYoungGen      total 51712K, used 3568K [0x00000000f5580000, 0x00000000f8b80000, 0x0000000100000000)
  eden space 48128K, 0% used [0x00000000f5580000,0x00000000f5580000,0x00000000f8480000)
  from space 3584K, 99% used [0x00000000f8480000,0x00000000f87fc040,0x00000000f8800000)
  to   space 3584K, 0% used [0x00000000f8800000,0x00000000f8800000,0x00000000f8b80000)
 ParOldGen       total 62976K, used 49193K [0x00000000e0000000, 0x00000000e3d80000, 0x00000000f5580000)
  object space 62976K, 78% used [0x00000000e0000000,0x00000000e300a4f8,0x00000000e3d80000)
 Metaspace       used 10316K, capacity 10598K, committed 10880K, reserved 1058816K
  class space    used 1276K, capacity 1359K, committed 1408K, reserved 1048576K
GC Heap History (9 events):
Event: 4.873 GC heap before
{Heap before GC invocations=1 (full 0):
 PSYoungGen      total 27648K, used 24064K [0x00000000f5580000, 0x00000000f7400000, 0x0000000100000000)
  eden space 24064K, 100% used [0x00000000f5580000,0x00000000f6d00000,0x00000000f6d00000)
  from space 3584K, 0% used [0x00000000f7080000,0x00000000f7080000,0x00000000f7400000)
  to   space 3584K, 0% used [0x00000000f6d00000,0x00000000f6d00000,0x00000000f7080000)
 ParOldGen       total 62976K, used 0K [0x00000000e0000000, 0x00000000e3d80000, 0x00000000f5580000)
  object space 62976K, 0% used [0x00000000e0000000,0x00000000e0000000,0x00000000e3d80000)
 Metaspace       used 8059K, capacity 8238K, committed 8320K, reserved 1056768K
  class space    used 1028K, capacity 1077K, committed 1152K, reserved 1048576K
Event: 4.882 GC heap after
Heap after GC invocations=1 (full 0):
 PSYoungGen      total 27648K, used 3553K [0x00000000f5580000, 0x00000000f7400000, 0x0000000100000000)
  eden space 24064K, 0% used [0x00000000f5580000,0x00000000f5580000,0x00000000f6d00000)
  from space 3584K, 99% used [0x00000000f6d00000,0x00000000f7078590,0x00000000f7080000)
  to   space 3584K, 0% used [0x00000000f7080000,0x00000000f7080000,0x00000000f7400000)
 ParOldGen       total 62976K, used 1149K [0x00000000e0000000, 0x00000000e3d80000, 0x00000000f5580000)
  object space 62976K, 1% used [0x00000000e0000000,0x00000000e011f700,0x00000000e3d80000)
 Metaspace       used 8059K, capacity 8238K, committed 8320K, reserved 1056768K
  class space    used 1028K, capacity 1077K, committed 1152K, reserved 1048576K
}
Event: 8.810 GC heap before
{Heap before GC invocations=2 (full 0):
 PSYoungGen      total 27648K, used 27617K [0x00000000f5580000, 0x00000000f7400000, 0x0000000100000000)
  eden space 24064K, 100% used [0x00000000f5580000,0x00000000f6d00000,0x00000000f6d00000)
  from space 3584K, 99% used [0x00000000f6d00000,0x00000000f7078590,0x00000000f7080000)
  to   space 3584K, 0% used [0x00000000f7080000,0x00000000f7080000,0x00000000f7400000)
 ParOldGen       total 62976K, used 1149K [0x00000000e0000000, 0x00000000e3d80000, 0x00000000f5580000)
  object space 62976K, 1% used [0x00000000e0000000,0x00000000e011f700,0x00000000e3d80000)
 Metaspace       used 10105K, capacity 10336K, committed 10624K, reserved 1058816K
  class space    used 1256K, capacity 1358K, committed 1408K, reserved 1048576K
Event: 8.819 GC heap after
Heap after GC invocations=2 (full 0):
 PSYoungGen      total 27648K, used 3552K [0x00000000f5580000, 0x00000000f7400000, 0x0000000100000000)
  eden space 24064K, 0% used [0x00000000f5580000,0x00000000f5580000,0x00000000f6d00000)
  from space 3584K, 99% used [0x00000000f7080000,0x00000000f73f8020,0x00000000f7400000)
  to   space 3584K, 0% used [0x00000000f6d00000,0x00000000f6d00000,0x00000000f7080000)
 ParOldGen       total 62976K, used 2656K [0x00000000e0000000, 0x00000000e3d80000, 0x00000000f5580000)
  object space 62976K, 4% used [0x00000000e0000000,0x00000000e0298388,0x00000000e3d80000)
 Metaspace       used 10105K, capacity 10336K, committed 10624K, reserved 1058816K
  class space    used 1256K, capacity 1358K, committed 1408K, reserved 1048576K
}
Event: 9.140 GC heap before
{Heap before GC invocations=3 (full 0):
 PSYoungGen      total 27648K, used 27616K [0x00000000f5580000, 0x00000000f7400000, 0x0000000100000000)
  eden space 24064K, 100% used [0x00000000f5580000,0x00000000f6d00000,0x00000000f6d00000)
  from space 3584K, 99% used [0x00000000f7080000,0x00000000f73f8020,0x00000000f7400000)
  to   space 3584K, 0% used [0x00000000f6d00000,0x00000000f6d00000,0x00000000f7080000)
 ParOldGen       total 62976K, used 2656K [0x00000000e0000000, 0x00000000e3d80000, 0x00000000f5580000)
  object space 62976K, 4% used [0x00000000e0000000,0x00000000e0298388,0x00000000e3d80000)
 Metaspace       used 10238K, capacity 10464K, committed 10624K, reserved 1058816K
  class space    used 1273K, capacity 1358K, committed 1408K, reserved 1048576K
Event: 9.174 GC heap after
Heap after GC invocations=3 (full 0):
 PSYoungGen      total 27648K, used 3568K [0x00000000f5580000, 0x00000000f8b80000, 0x0000000100000000)
  eden space 24064K, 0% used [0x00000000f5580000,0x00000000f5580000,0x00000000f6d00000)
  from space 3584K, 99% used [0x00000000f6d00000,0x00000000f707c020,0x00000000f7080000)
  to   space 3584K, 0% used [0x00000000f8800000,0x00000000f8800000,0x00000000f8b80000)
 ParOldGen       total 62976K, used 15815K [0x00000000e0000000, 0x00000000e3d80000, 0x00000000f5580000)
  object space 62976K, 25% used [0x00000000e0000000,0x00000000e0f71d48,0x00000000e3d80000)
 Metaspace       used 10238K, capacity 10464K, committed 10624K, reserved 1058816K
  class space    used 1273K, capacity 1358K, committed 1408K, reserved 1048576K
}
Event: 9.299 GC heap before
{Heap before GC invocations=4 (full 0):
 PSYoungGen      total 27648K, used 27632K [0x00000000f5580000, 0x00000000f8b80000, 0x0000000100000000)
  eden space 24064K, 100% used [0x00000000f5580000,0x00000000f6d00000,0x00000000f6d00000)
  from space 3584K, 99% used [0x00000000f6d00000,0x00000000f707c020,0x00000000f7080000)
  to   space 3584K, 0% used [0x00000000f8800000,0x00000000f8800000,0x00000000f8b80000)
 ParOldGen       total 62976K, used 15815K [0x00000000e0000000, 0x00000000e3d80000, 0x00000000f5580000)
  object space 62976K, 25% used [0x00000000e0000000,0x00000000e0f71d48,0x00000000e3d80000)
 Metaspace       used 10239K, capacity 10464K, committed 10624K, reserved 1058816K
  class space    used 1273K, capacity 1358K, committed 1408K, reserved 1048576K
Event: 9.335 GC heap after
Heap after GC invocations=4 (full 0):
 PSYoungGen      total 51712K, used 3552K [0x00000000f5580000, 0x00000000f8b80000, 0x0000000100000000)
  eden space 48128K, 0% used [0x00000000f5580000,0x00000000f5580000,0x00000000f8480000)
  from space 3584K, 99% used [0x00000000f8800000,0x00000000f8b78020,0x00000000f8b80000)
  to   space 3584K, 0% used [0x00000000f8480000,0x00000000f8480000,0x00000000f8800000)
 ParOldGen       total 62976K, used 29275K [0x00000000e0000000, 0x00000000e3d80000, 0x00000000f5580000)
  object space 62976K, 46% used [0x00000000e0000000,0x00000000e1c96e50,0x00000000e3d80000)
 Metaspace       used 10239K, capacity 10464K, committed 10624K, reserved 1058816K
  class space    used 1273K, capacity 1358K, committed 1408K, reserved 1048576K
}
Event: 9.745 GC heap before
{Heap before GC invocations=5 (full 0):
 PSYoungGen      total 51712K, used 51680K [0x00000000f5580000, 0x00000000f8b80000, 0x0000000100000000)
  eden space 48128K, 100% used [0x00000000f5580000,0x00000000f8480000,0x00000000f8480000)
  from space 3584K, 99% used [0x00000000f8800000,0x00000000f8b78020,0x00000000f8b80000)
  to   space 3584K, 0% used [0x00000000f8480000,0x00000000f8480000,0x00000000f8800000)
 ParOldGen       total 62976K, used 29275K [0x00000000e0000000, 0x00000000e3d80000, 0x00000000f5580000)
  object space 62976K, 46% used [0x00000000e0000000,0x00000000e1c96e50,0x00000000e3d80000)
 Metaspace       used 10316K, capacity 10598K, committed 10880K, reserved 1058816K
  class space    used 1276K, capacity 1359K, committed 1408K, reserved 1048576K

